{"C:\\Users\\Uditsingh.Thakur\\OneDrive\\Documents\\GitHub\\New GITHUB\\qp-assessment\\src\\app.ts": {"path":"C:\\Users\\Uditsingh.Thakur\\OneDrive\\Documents\\GitHub\\New GITHUB\\qp-assessment\\src\\app.ts","statementMap":{"0":{"start":{"line":2,"column":0},"end":{"line":2,"column":30}},"1":{"start":{"line":3,"column":0},"end":{"line":3,"column":61}},"2":{"start":{"line":4,"column":0},"end":{"line":4,"column":59}},"3":{"start":{"line":5,"column":0},"end":{"line":5,"column":37}},"4":{"start":{"line":6,"column":0},"end":{"line":6,"column":24}},"5":{"start":{"line":7,"column":0},"end":{"line":7,"column":45}},"6":{"start":{"line":10,"column":12},"end":{"line":10,"column":21}},"7":{"start":{"line":13,"column":0},"end":{"line":13,"column":16}},"8":{"start":{"line":14,"column":0},"end":{"line":14,"column":27}},"9":{"start":{"line":15,"column":0},"end":{"line":15,"column":51}},"10":{"start":{"line":17,"column":0},"end":{"line":17,"column":35}},"11":{"start":{"line":20,"column":0},"end":{"line":20,"column":33}},"12":{"start":{"line":22,"column":0},"end":{"line":32,"column":7}},"13":{"start":{"line":25,"column":8},"end":{"line":25,"column":84}},"14":{"start":{"line":26,"column":8},"end":{"line":28,"column":11}},"15":{"start":{"line":27,"column":12},"end":{"line":27,"column":58}},"16":{"start":{"line":31,"column":8},"end":{"line":31,"column":67}}},"fnMap":{"0":{"name":"(anonymous_1)","decl":{"start":{"line":24,"column":10},"end":{"line":24,"column":13}},"loc":{"start":{"line":24,"column":15},"end":{"line":29,"column":5}}},"1":{"name":"(anonymous_2)","decl":{"start":{"line":26,"column":25},"end":{"line":26,"column":28}},"loc":{"start":{"line":26,"column":30},"end":{"line":28,"column":9}}},"2":{"name":"(anonymous_3)","decl":{"start":{"line":30,"column":11},"end":{"line":30,"column":12}},"loc":{"start":{"line":30,"column":21},"end":{"line":32,"column":5}}}},"branchMap":{},"s":{"0":0,"1":0,"2":0,"3":0,"4":0,"5":0,"6":0,"7":0,"8":0,"9":0,"10":0,"11":0,"12":0,"13":0,"14":0,"15":0,"16":0},"f":{"0":0,"1":0,"2":0},"b":{}}
,"C:\\Users\\Uditsingh.Thakur\\OneDrive\\Documents\\GitHub\\New GITHUB\\qp-assessment\\src\\controllers\\adminController.ts": {"path":"C:\\Users\\Uditsingh.Thakur\\OneDrive\\Documents\\GitHub\\New GITHUB\\qp-assessment\\src\\controllers\\adminController.ts","statementMap":{"0":{"start":{"line":2,"column":0},"end":{"line":2,"column":54}},"1":{"start":{"line":5,"column":30},"end":{"line":43,"column":1}},"2":{"start":{"line":6,"column":4},"end":{"line":42,"column":5}},"3":{"start":{"line":8,"column":42},"end":{"line":8,"column":50}},"4":{"start":{"line":11,"column":8},"end":{"line":13,"column":9}},"5":{"start":{"line":12,"column":12},"end":{"line":12,"column":92}},"6":{"start":{"line":14,"column":8},"end":{"line":16,"column":9}},"7":{"start":{"line":15,"column":12},"end":{"line":15,"column":102}},"8":{"start":{"line":17,"column":8},"end":{"line":19,"column":9}},"9":{"start":{"line":18,"column":12},"end":{"line":18,"column":110}},"10":{"start":{"line":21,"column":29},"end":{"line":21,"column":75}},"11":{"start":{"line":22,"column":8},"end":{"line":24,"column":9}},"12":{"start":{"line":23,"column":12},"end":{"line":23,"column":103}},"13":{"start":{"line":27,"column":24},"end":{"line":31,"column":10}},"14":{"start":{"line":34,"column":8},"end":{"line":37,"column":11}},"15":{"start":{"line":40,"column":8},"end":{"line":40,"column":59}},"16":{"start":{"line":41,"column":8},"end":{"line":41,"column":70}},"17":{"start":{"line":5,"column":13},"end":{"line":5,"column":30}},"18":{"start":{"line":49,"column":33},"end":{"line":80,"column":1}},"19":{"start":{"line":50,"column":19},"end":{"line":50,"column":36}},"20":{"start":{"line":51,"column":38},"end":{"line":51,"column":46}},"21":{"start":{"line":53,"column":4},"end":{"line":79,"column":5}},"22":{"start":{"line":55,"column":28},"end":{"line":55,"column":62}},"23":{"start":{"line":58,"column":8},"end":{"line":60,"column":9}},"24":{"start":{"line":59,"column":12},"end":{"line":59,"column":79}},"25":{"start":{"line":63,"column":8},"end":{"line":63,"column":52}},"26":{"start":{"line":64,"column":8},"end":{"line":64,"column":55}},"27":{"start":{"line":65,"column":8},"end":{"line":65,"column":79}},"28":{"start":{"line":68,"column":8},"end":{"line":68,"column":33}},"29":{"start":{"line":71,"column":8},"end":{"line":75,"column":11}},"30":{"start":{"line":77,"column":8},"end":{"line":77,"column":61}},"31":{"start":{"line":78,"column":8},"end":{"line":78,"column":74}},"32":{"start":{"line":49,"column":13},"end":{"line":49,"column":33}},"33":{"start":{"line":83,"column":33},"end":{"line":107,"column":1}},"34":{"start":{"line":85,"column":19},"end":{"line":85,"column":36}},"35":{"start":{"line":87,"column":4},"end":{"line":106,"column":5}},"36":{"start":{"line":89,"column":29},"end":{"line":89,"column":63}},"37":{"start":{"line":91,"column":8},"end":{"line":93,"column":9}},"38":{"start":{"line":92,"column":12},"end":{"line":92,"column":79}},"39":{"start":{"line":96,"column":8},"end":{"line":96,"column":37}},"40":{"start":{"line":99,"column":8},"end":{"line":102,"column":11}},"41":{"start":{"line":104,"column":8},"end":{"line":104,"column":61}},"42":{"start":{"line":105,"column":8},"end":{"line":105,"column":74}},"43":{"start":{"line":83,"column":13},"end":{"line":83,"column":33}},"44":{"start":{"line":110,"column":32},"end":{"line":157,"column":1}},"45":{"start":{"line":111,"column":4},"end":{"line":156,"column":5}},"46":{"start":{"line":113,"column":21},"end":{"line":113,"column":60}},"47":{"start":{"line":114,"column":25},"end":{"line":114,"column":69}},"48":{"start":{"line":115,"column":23},"end":{"line":115,"column":44}},"49":{"start":{"line":118,"column":23},"end":{"line":118,"column":64}},"50":{"start":{"line":119,"column":26},"end":{"line":119,"column":65}},"51":{"start":{"line":122,"column":46},"end":{"line":126,"column":10}},"52":{"start":{"line":129,"column":8},"end":{"line":135,"column":9}},"53":{"start":{"line":130,"column":12},"end":{"line":134,"column":15}},"54":{"start":{"line":138,"column":8},"end":{"line":147,"column":11}},"55":{"start":{"line":150,"column":8},"end":{"line":150,"column":64}},"56":{"start":{"line":151,"column":8},"end":{"line":155,"column":11}},"57":{"start":{"line":110,"column":13},"end":{"line":110,"column":32}},"58":{"start":{"line":161,"column":31},"end":{"line":198,"column":1}},"59":{"start":{"line":162,"column":4},"end":{"line":197,"column":5}},"60":{"start":{"line":163,"column":48},"end":{"line":163,"column":56}},"61":{"start":{"line":166,"column":28},"end":{"line":166,"column":62}},"62":{"start":{"line":168,"column":8},"end":{"line":170,"column":9}},"63":{"start":{"line":169,"column":12},"end":{"line":169,"column":79}},"64":{"start":{"line":173,"column":8},"end":{"line":184,"column":9}},"65":{"start":{"line":174,"column":12},"end":{"line":174,"column":45}},"66":{"start":{"line":175,"column":15},"end":{"line":184,"column":9}},"67":{"start":{"line":176,"column":12},"end":{"line":178,"column":13}},"68":{"start":{"line":177,"column":16},"end":{"line":177,"column":95}},"69":{"start":{"line":179,"column":12},"end":{"line":179,"column":45}},"70":{"start":{"line":180,"column":15},"end":{"line":184,"column":9}},"71":{"start":{"line":181,"column":12},"end":{"line":181,"column":37}},"72":{"start":{"line":183,"column":12},"end":{"line":183,"column":74}},"73":{"start":{"line":187,"column":8},"end":{"line":187,"column":33}},"74":{"start":{"line":189,"column":8},"end":{"line":193,"column":11}},"75":{"start":{"line":195,"column":8},"end":{"line":195,"column":58}},"76":{"start":{"line":196,"column":8},"end":{"line":196,"column":74}},"77":{"start":{"line":161,"column":13},"end":{"line":161,"column":31}}},"fnMap":{"0":{"name":"(anonymous_1)","decl":{"start":{"line":5,"column":30},"end":{"line":5,"column":35}},"loc":{"start":{"line":5,"column":68},"end":{"line":43,"column":1}}},"1":{"name":"(anonymous_2)","decl":{"start":{"line":49,"column":33},"end":{"line":49,"column":38}},"loc":{"start":{"line":49,"column":71},"end":{"line":80,"column":1}}},"2":{"name":"(anonymous_3)","decl":{"start":{"line":83,"column":33},"end":{"line":83,"column":38}},"loc":{"start":{"line":83,"column":71},"end":{"line":107,"column":1}}},"3":{"name":"(anonymous_4)","decl":{"start":{"line":110,"column":32},"end":{"line":110,"column":37}},"loc":{"start":{"line":110,"column":70},"end":{"line":157,"column":1}}},"4":{"name":"(anonymous_5)","decl":{"start":{"line":161,"column":31},"end":{"line":161,"column":36}},"loc":{"start":{"line":161,"column":69},"end":{"line":198,"column":1}}}},"branchMap":{"0":{"loc":{"start":{"line":11,"column":8},"end":{"line":13,"column":9}},"type":"if","locations":[{"start":{"line":11,"column":8},"end":{"line":13,"column":9}}]},"1":{"loc":{"start":{"line":11,"column":12},"end":{"line":11,"column":45}},"type":"binary-expr","locations":[{"start":{"line":11,"column":12},"end":{"line":11,"column":17}},{"start":{"line":11,"column":21},"end":{"line":11,"column":45}}]},"2":{"loc":{"start":{"line":14,"column":8},"end":{"line":16,"column":9}},"type":"if","locations":[{"start":{"line":14,"column":8},"end":{"line":16,"column":9}}]},"3":{"loc":{"start":{"line":14,"column":12},"end":{"line":14,"column":38}},"type":"binary-expr","locations":[{"start":{"line":14,"column":12},"end":{"line":14,"column":24}},{"start":{"line":14,"column":28},"end":{"line":14,"column":38}}]},"4":{"loc":{"start":{"line":17,"column":8},"end":{"line":19,"column":9}},"type":"if","locations":[{"start":{"line":17,"column":8},"end":{"line":19,"column":9}}]},"5":{"loc":{"start":{"line":17,"column":12},"end":{"line":17,"column":74}},"type":"binary-expr","locations":[{"start":{"line":17,"column":12},"end":{"line":17,"column":27}},{"start":{"line":17,"column":31},"end":{"line":17,"column":43}},{"start":{"line":17,"column":47},"end":{"line":17,"column":74}}]},"6":{"loc":{"start":{"line":22,"column":8},"end":{"line":24,"column":9}},"type":"if","locations":[{"start":{"line":22,"column":8},"end":{"line":24,"column":9}}]},"7":{"loc":{"start":{"line":58,"column":8},"end":{"line":60,"column":9}},"type":"if","locations":[{"start":{"line":58,"column":8},"end":{"line":60,"column":9}}]},"8":{"loc":{"start":{"line":63,"column":27},"end":{"line":63,"column":51}},"type":"binary-expr","locations":[{"start":{"line":63,"column":27},"end":{"line":63,"column":31}},{"start":{"line":63,"column":35},"end":{"line":63,"column":51}}]},"9":{"loc":{"start":{"line":64,"column":28},"end":{"line":64,"column":54}},"type":"binary-expr","locations":[{"start":{"line":64,"column":28},"end":{"line":64,"column":33}},{"start":{"line":64,"column":37},"end":{"line":64,"column":54}}]},"10":{"loc":{"start":{"line":65,"column":31},"end":{"line":65,"column":78}},"type":"cond-expr","locations":[{"start":{"line":65,"column":47},"end":{"line":65,"column":55}},{"start":{"line":65,"column":58},"end":{"line":65,"column":78}}]},"11":{"loc":{"start":{"line":91,"column":8},"end":{"line":93,"column":9}},"type":"if","locations":[{"start":{"line":91,"column":8},"end":{"line":93,"column":9}}]},"12":{"loc":{"start":{"line":113,"column":21},"end":{"line":113,"column":60}},"type":"binary-expr","locations":[{"start":{"line":113,"column":21},"end":{"line":113,"column":55}},{"start":{"line":113,"column":59},"end":{"line":113,"column":60}}]},"13":{"loc":{"start":{"line":114,"column":25},"end":{"line":114,"column":69}},"type":"binary-expr","locations":[{"start":{"line":114,"column":25},"end":{"line":114,"column":63}},{"start":{"line":114,"column":67},"end":{"line":114,"column":69}}]},"14":{"loc":{"start":{"line":118,"column":23},"end":{"line":118,"column":64}},"type":"binary-expr","locations":[{"start":{"line":118,"column":23},"end":{"line":118,"column":49}},{"start":{"line":118,"column":53},"end":{"line":118,"column":64}}]},"15":{"loc":{"start":{"line":119,"column":26},"end":{"line":119,"column":65}},"type":"binary-expr","locations":[{"start":{"line":119,"column":26},"end":{"line":119,"column":55}},{"start":{"line":119,"column":59},"end":{"line":119,"column":65}}]},"16":{"loc":{"start":{"line":129,"column":8},"end":{"line":135,"column":9}},"type":"if","locations":[{"start":{"line":129,"column":8},"end":{"line":135,"column":9}}]},"17":{"loc":{"start":{"line":168,"column":8},"end":{"line":170,"column":9}},"type":"if","locations":[{"start":{"line":168,"column":8},"end":{"line":170,"column":9}}]},"18":{"loc":{"start":{"line":173,"column":8},"end":{"line":184,"column":9}},"type":"if","locations":[{"start":{"line":173,"column":8},"end":{"line":184,"column":9}},{"start":{"line":175,"column":15},"end":{"line":184,"column":9}}]},"19":{"loc":{"start":{"line":175,"column":15},"end":{"line":184,"column":9}},"type":"if","locations":[{"start":{"line":175,"column":15},"end":{"line":184,"column":9}},{"start":{"line":180,"column":15},"end":{"line":184,"column":9}}]},"20":{"loc":{"start":{"line":176,"column":12},"end":{"line":178,"column":13}},"type":"if","locations":[{"start":{"line":176,"column":12},"end":{"line":178,"column":13}}]},"21":{"loc":{"start":{"line":180,"column":15},"end":{"line":184,"column":9}},"type":"if","locations":[{"start":{"line":180,"column":15},"end":{"line":184,"column":9}},{"start":{"line":182,"column":15},"end":{"line":184,"column":9}}]}},"s":{"0":1,"1":1,"2":1,"3":1,"4":1,"5":0,"6":1,"7":0,"8":1,"9":0,"10":1,"11":1,"12":0,"13":1,"14":1,"15":0,"16":0,"17":1,"18":1,"19":1,"20":1,"21":1,"22":1,"23":1,"24":0,"25":1,"26":1,"27":1,"28":1,"29":1,"30":0,"31":0,"32":1,"33":1,"34":1,"35":1,"36":1,"37":1,"38":0,"39":1,"40":1,"41":0,"42":0,"43":1,"44":1,"45":1,"46":1,"47":1,"48":1,"49":1,"50":1,"51":1,"52":1,"53":0,"54":1,"55":0,"56":0,"57":1,"58":1,"59":1,"60":1,"61":1,"62":1,"63":0,"64":1,"65":1,"66":0,"67":0,"68":0,"69":0,"70":0,"71":0,"72":0,"73":1,"74":1,"75":0,"76":0,"77":1},"f":{"0":1,"1":1,"2":1,"3":1,"4":1},"b":{"0":[0],"1":[1,1],"2":[0],"3":[1,1],"4":[0],"5":[1,1,1],"6":[0],"7":[0],"8":[1,0],"9":[1,0],"10":[1,0],"11":[0],"12":[1,0],"13":[1,0],"14":[1,0],"15":[1,0],"16":[0],"17":[0],"18":[1,0],"19":[0,0],"20":[0],"21":[0,0]}}
,"C:\\Users\\Uditsingh.Thakur\\OneDrive\\Documents\\GitHub\\New GITHUB\\qp-assessment\\src\\controllers\\userController.ts": {"path":"C:\\Users\\Uditsingh.Thakur\\OneDrive\\Documents\\GitHub\\New GITHUB\\qp-assessment\\src\\controllers\\userController.ts","statementMap":{"0":{"start":{"line":3,"column":0},"end":{"line":3,"column":54}},"1":{"start":{"line":4,"column":0},"end":{"line":4,"column":31}},"2":{"start":{"line":5,"column":0},"end":{"line":5,"column":42}},"3":{"start":{"line":6,"column":0},"end":{"line":6,"column":50}},"4":{"start":{"line":13,"column":26},"end":{"line":89,"column":1}},"5":{"start":{"line":14,"column":4},"end":{"line":88,"column":5}},"6":{"start":{"line":15,"column":23},"end":{"line":15,"column":48}},"7":{"start":{"line":18,"column":42},"end":{"line":18,"column":56}},"8":{"start":{"line":21,"column":29},"end":{"line":25,"column":10}},"9":{"start":{"line":23,"column":51},"end":{"line":23,"column":62}},"10":{"start":{"line":28,"column":26},"end":{"line":28,"column":27}},"11":{"start":{"line":29,"column":43},"end":{"line":29,"column":45}},"12":{"start":{"line":30,"column":8},"end":{"line":37,"column":9}},"13":{"start":{"line":31,"column":32},"end":{"line":31,"column":98}},"14":{"start":{"line":31,"column":67},"end":{"line":31,"column":97}},"15":{"start":{"line":32,"column":12},"end":{"line":36,"column":13}},"16":{"start":{"line":33,"column":16},"end":{"line":33,"column":51}},"17":{"start":{"line":35,"column":16},"end":{"line":35,"column":65}},"18":{"start":{"line":39,"column":8},"end":{"line":41,"column":9}},"19":{"start":{"line":40,"column":12},"end":{"line":40,"column":133}},"20":{"start":{"line":45,"column":22},"end":{"line":49,"column":10}},"21":{"start":{"line":52,"column":27},"end":{"line":67,"column":11}},"22":{"start":{"line":53,"column":32},"end":{"line":53,"column":98}},"23":{"start":{"line":53,"column":67},"end":{"line":53,"column":97}},"24":{"start":{"line":54,"column":12},"end":{"line":56,"column":13}},"25":{"start":{"line":55,"column":16},"end":{"line":55,"column":73}},"26":{"start":{"line":57,"column":31},"end":{"line":57,"column":64}},"27":{"start":{"line":60,"column":12},"end":{"line":66,"column":15}},"28":{"start":{"line":70,"column":8},"end":{"line":77,"column":12}},"29":{"start":{"line":71,"column":32},"end":{"line":71,"column":98}},"30":{"start":{"line":71,"column":67},"end":{"line":71,"column":97}},"31":{"start":{"line":72,"column":12},"end":{"line":74,"column":13}},"32":{"start":{"line":73,"column":16},"end":{"line":73,"column":73}},"33":{"start":{"line":75,"column":12},"end":{"line":75,"column":50}},"34":{"start":{"line":76,"column":12},"end":{"line":76,"column":37}},"35":{"start":{"line":80,"column":8},"end":{"line":84,"column":11}},"36":{"start":{"line":86,"column":8},"end":{"line":86,"column":53}},"37":{"start":{"line":87,"column":8},"end":{"line":87,"column":74}},"38":{"start":{"line":13,"column":13},"end":{"line":13,"column":26}},"39":{"start":{"line":96,"column":40},"end":{"line":148,"column":1}},"40":{"start":{"line":97,"column":4},"end":{"line":147,"column":5}},"41":{"start":{"line":99,"column":21},"end":{"line":99,"column":60}},"42":{"start":{"line":100,"column":25},"end":{"line":100,"column":69}},"43":{"start":{"line":101,"column":23},"end":{"line":101,"column":44}},"44":{"start":{"line":104,"column":23},"end":{"line":104,"column":64}},"45":{"start":{"line":105,"column":26},"end":{"line":105,"column":65}},"46":{"start":{"line":108,"column":46},"end":{"line":117,"column":10}},"47":{"start":{"line":120,"column":8},"end":{"line":126,"column":9}},"48":{"start":{"line":121,"column":12},"end":{"line":125,"column":15}},"49":{"start":{"line":129,"column":8},"end":{"line":138,"column":11}},"50":{"start":{"line":141,"column":8},"end":{"line":141,"column":74}},"51":{"start":{"line":142,"column":8},"end":{"line":146,"column":11}},"52":{"start":{"line":96,"column":13},"end":{"line":96,"column":40}}},"fnMap":{"0":{"name":"(anonymous_1)","decl":{"start":{"line":13,"column":26},"end":{"line":13,"column":31}},"loc":{"start":{"line":13,"column":64},"end":{"line":89,"column":1}}},"1":{"name":"(anonymous_2)","decl":{"start":{"line":23,"column":41},"end":{"line":23,"column":42}},"loc":{"start":{"line":23,"column":51},"end":{"line":23,"column":62}}},"2":{"name":"(anonymous_3)","decl":{"start":{"line":31,"column":50},"end":{"line":31,"column":51}},"loc":{"start":{"line":31,"column":67},"end":{"line":31,"column":97}}},"3":{"name":"(anonymous_4)","decl":{"start":{"line":52,"column":55},"end":{"line":52,"column":60}},"loc":{"start":{"line":52,"column":70},"end":{"line":67,"column":9}}},"4":{"name":"(anonymous_5)","decl":{"start":{"line":53,"column":50},"end":{"line":53,"column":51}},"loc":{"start":{"line":53,"column":67},"end":{"line":53,"column":97}}},"5":{"name":"(anonymous_6)","decl":{"start":{"line":70,"column":36},"end":{"line":70,"column":41}},"loc":{"start":{"line":70,"column":51},"end":{"line":77,"column":9}}},"6":{"name":"(anonymous_7)","decl":{"start":{"line":71,"column":50},"end":{"line":71,"column":51}},"loc":{"start":{"line":71,"column":67},"end":{"line":71,"column":97}}},"7":{"name":"(anonymous_8)","decl":{"start":{"line":96,"column":40},"end":{"line":96,"column":45}},"loc":{"start":{"line":96,"column":78},"end":{"line":148,"column":1}}}},"branchMap":{"0":{"loc":{"start":{"line":32,"column":12},"end":{"line":36,"column":13}},"type":"if","locations":[{"start":{"line":32,"column":12},"end":{"line":36,"column":13}},{"start":{"line":34,"column":19},"end":{"line":36,"column":13}}]},"1":{"loc":{"start":{"line":32,"column":16},"end":{"line":32,"column":68}},"type":"binary-expr","locations":[{"start":{"line":32,"column":16},"end":{"line":32,"column":28}},{"start":{"line":32,"column":32},"end":{"line":32,"column":68}}]},"2":{"loc":{"start":{"line":39,"column":8},"end":{"line":41,"column":9}},"type":"if","locations":[{"start":{"line":39,"column":8},"end":{"line":41,"column":9}}]},"3":{"loc":{"start":{"line":54,"column":12},"end":{"line":56,"column":13}},"type":"if","locations":[{"start":{"line":54,"column":12},"end":{"line":56,"column":13}}]},"4":{"loc":{"start":{"line":72,"column":12},"end":{"line":74,"column":13}},"type":"if","locations":[{"start":{"line":72,"column":12},"end":{"line":74,"column":13}}]},"5":{"loc":{"start":{"line":99,"column":21},"end":{"line":99,"column":60}},"type":"binary-expr","locations":[{"start":{"line":99,"column":21},"end":{"line":99,"column":55}},{"start":{"line":99,"column":59},"end":{"line":99,"column":60}}]},"6":{"loc":{"start":{"line":100,"column":25},"end":{"line":100,"column":69}},"type":"binary-expr","locations":[{"start":{"line":100,"column":25},"end":{"line":100,"column":63}},{"start":{"line":100,"column":67},"end":{"line":100,"column":69}}]},"7":{"loc":{"start":{"line":104,"column":23},"end":{"line":104,"column":64}},"type":"binary-expr","locations":[{"start":{"line":104,"column":23},"end":{"line":104,"column":49}},{"start":{"line":104,"column":53},"end":{"line":104,"column":64}}]},"8":{"loc":{"start":{"line":105,"column":26},"end":{"line":105,"column":65}},"type":"binary-expr","locations":[{"start":{"line":105,"column":26},"end":{"line":105,"column":55}},{"start":{"line":105,"column":59},"end":{"line":105,"column":65}}]},"9":{"loc":{"start":{"line":120,"column":8},"end":{"line":126,"column":9}},"type":"if","locations":[{"start":{"line":120,"column":8},"end":{"line":126,"column":9}}]}},"s":{"0":1,"1":1,"2":1,"3":1,"4":1,"5":1,"6":1,"7":1,"8":1,"9":2,"10":1,"11":1,"12":1,"13":2,"14":3,"15":2,"16":0,"17":2,"18":1,"19":0,"20":1,"21":1,"22":2,"23":3,"24":2,"25":0,"26":2,"27":2,"28":1,"29":2,"30":3,"31":2,"32":0,"33":2,"34":2,"35":1,"36":0,"37":0,"38":1,"39":1,"40":1,"41":1,"42":1,"43":1,"44":1,"45":1,"46":1,"47":1,"48":0,"49":1,"50":0,"51":0,"52":1},"f":{"0":1,"1":2,"2":3,"3":2,"4":3,"5":2,"6":3,"7":1},"b":{"0":[0,2],"1":[2,2],"2":[0],"3":[0],"4":[0],"5":[1,0],"6":[1,0],"7":[1,0],"8":[1,0],"9":[0]}}
,"C:\\Users\\Uditsingh.Thakur\\OneDrive\\Documents\\GitHub\\New GITHUB\\qp-assessment\\src\\database\\sequelize.ts": {"path":"C:\\Users\\Uditsingh.Thakur\\OneDrive\\Documents\\GitHub\\New GITHUB\\qp-assessment\\src\\database\\sequelize.ts","statementMap":{"0":{"start":{"line":2,"column":0},"end":{"line":2,"column":38}},"1":{"start":{"line":3,"column":0},"end":{"line":3,"column":28}},"2":{"start":{"line":5,"column":0},"end":{"line":5,"column":16}},"3":{"start":{"line":7,"column":18},"end":{"line":14,"column":2}},"4":{"start":{"line":16,"column":0},"end":{"line":16,"column":25}}},"fnMap":{},"branchMap":{"0":{"loc":{"start":{"line":10,"column":17},"end":{"line":10,"column":46}},"type":"binary-expr","locations":[{"start":{"line":10,"column":17},"end":{"line":10,"column":36}},{"start":{"line":10,"column":40},"end":{"line":10,"column":46}}]}},"s":{"0":4,"1":4,"2":4,"3":4,"4":4},"f":{},"b":{"0":[4,0]}}
,"C:\\Users\\Uditsingh.Thakur\\OneDrive\\Documents\\GitHub\\New GITHUB\\qp-assessment\\src\\models\\User.ts": {"path":"C:\\Users\\Uditsingh.Thakur\\OneDrive\\Documents\\GitHub\\New GITHUB\\qp-assessment\\src\\models\\User.ts","statementMap":{"0":{"start":{"line":1,"column":0},"end":{"line":1,"column":70}},"1":{"start":{"line":3,"column":1},"end":{"line":3,"column":null}},"2":{"start":{"line":4,"column":26},"end":{"line":4,"column":31}},"3":{"start":{"line":6,"column":2},"end":{"line":6,"column":14}},"4":{"start":{"line":9,"column":2},"end":{"line":9,"column":20}},"5":{"start":{"line":12,"column":2},"end":{"line":12,"column":20}},"6":{"start":{"line":5,"column":3},"end":{"line":5,"column":null}},"7":{"start":{"line":8,"column":3},"end":{"line":8,"column":null}},"8":{"start":{"line":11,"column":3},"end":{"line":11,"column":null}},"9":{"start":{"line":6,"column":2},"end":{"line":6,"column":4}},"10":{"start":{"line":6,"column":4},"end":{"line":6,"column":14}},"11":{"start":{"line":9,"column":2},"end":{"line":9,"column":10}},"12":{"start":{"line":9,"column":10},"end":{"line":9,"column":20}},"13":{"start":{"line":12,"column":2},"end":{"line":12,"column":10}},"14":{"start":{"line":12,"column":10},"end":{"line":12,"column":20}},"15":{"start":{"line":4,"column":0},"end":{"line":4,"column":13}},"16":{"start":{"line":4,"column":13},"end":{"line":4,"column":17}}},"fnMap":{"0":{"name":"(anonymous_8)","decl":{"start":{"line":6,"column":2},"end":{"line":6,"column":4}},"loc":{"start":{"line":6,"column":2},"end":{"line":6,"column":4}}},"1":{"name":"(anonymous_10)","decl":{"start":{"line":6,"column":4},"end":{"line":6,"column":14}},"loc":{"start":{"line":6,"column":4},"end":{"line":6,"column":14}}},"2":{"name":"(anonymous_11)","decl":{"start":{"line":9,"column":2},"end":{"line":9,"column":10}},"loc":{"start":{"line":9,"column":2},"end":{"line":9,"column":10}}},"3":{"name":"(anonymous_13)","decl":{"start":{"line":9,"column":10},"end":{"line":9,"column":20}},"loc":{"start":{"line":9,"column":10},"end":{"line":9,"column":20}}},"4":{"name":"(anonymous_14)","decl":{"start":{"line":12,"column":2},"end":{"line":12,"column":10}},"loc":{"start":{"line":12,"column":2},"end":{"line":12,"column":10}}},"5":{"name":"(anonymous_16)","decl":{"start":{"line":12,"column":10},"end":{"line":12,"column":20}},"loc":{"start":{"line":12,"column":10},"end":{"line":12,"column":20}}}},"branchMap":{},"s":{"0":0,"1":0,"2":0,"3":0,"4":0,"5":0,"6":0,"7":0,"8":0,"9":0,"10":0,"11":0,"12":0,"13":0,"14":0,"15":0,"16":0},"f":{"0":0,"1":0,"2":0,"3":0,"4":0,"5":0},"b":{}}
,"C:\\Users\\Uditsingh.Thakur\\OneDrive\\Documents\\GitHub\\New GITHUB\\qp-assessment\\src\\models\\groceryItem.model.ts": {"path":"C:\\Users\\Uditsingh.Thakur\\OneDrive\\Documents\\GitHub\\New GITHUB\\qp-assessment\\src\\models\\groceryItem.model.ts","statementMap":{"0":{"start":{"line":1,"column":0},"end":{"line":1,"column":45}},"1":{"start":{"line":2,"column":0},"end":{"line":2,"column":46}},"2":{"start":{"line":11,"column":0},"end":{"line":37,"column":2}},"3":{"start":{"line":39,"column":0},"end":{"line":39,"column":27}}},"fnMap":{},"branchMap":{},"s":{"0":2,"1":2,"2":2,"3":2},"f":{},"b":{}}
,"C:\\Users\\Uditsingh.Thakur\\OneDrive\\Documents\\GitHub\\New GITHUB\\qp-assessment\\src\\models\\order.model.ts": {"path":"C:\\Users\\Uditsingh.Thakur\\OneDrive\\Documents\\GitHub\\New GITHUB\\qp-assessment\\src\\models\\order.model.ts","statementMap":{"0":{"start":{"line":1,"column":0},"end":{"line":1,"column":45}},"1":{"start":{"line":2,"column":0},"end":{"line":2,"column":46}},"2":{"start":{"line":12,"column":0},"end":{"line":51,"column":2}},"3":{"start":{"line":53,"column":0},"end":{"line":53,"column":21}}},"fnMap":{},"branchMap":{},"s":{"0":1,"1":1,"2":1,"3":1},"f":{},"b":{}}
,"C:\\Users\\Uditsingh.Thakur\\OneDrive\\Documents\\GitHub\\New GITHUB\\qp-assessment\\src\\models\\orderItem.model.ts": {"path":"C:\\Users\\Uditsingh.Thakur\\OneDrive\\Documents\\GitHub\\New GITHUB\\qp-assessment\\src\\models\\orderItem.model.ts","statementMap":{"0":{"start":{"line":1,"column":0},"end":{"line":1,"column":45}},"1":{"start":{"line":2,"column":0},"end":{"line":2,"column":46}},"2":{"start":{"line":13,"column":0},"end":{"line":65,"column":2}},"3":{"start":{"line":67,"column":0},"end":{"line":67,"column":25}}},"fnMap":{},"branchMap":{},"s":{"0":1,"1":1,"2":1,"3":1},"f":{},"b":{}}
,"C:\\Users\\Uditsingh.Thakur\\OneDrive\\Documents\\GitHub\\New GITHUB\\qp-assessment\\src\\routes\\adminRoutes.ts": {"path":"C:\\Users\\Uditsingh.Thakur\\OneDrive\\Documents\\GitHub\\New GITHUB\\qp-assessment\\src\\routes\\adminRoutes.ts","statementMap":{"0":{"start":{"line":2,"column":0},"end":{"line":2,"column":33}},"1":{"start":{"line":3,"column":0},"end":{"line":3,"column":null}},"2":{"start":{"line":8,"column":15},"end":{"line":8,"column":23}},"3":{"start":{"line":16,"column":9},"end":{"line":16,"column":15}},"4":{"start":{"line":11,"column":0},"end":{"line":11,"column":46}},"5":{"start":{"line":12,"column":0},"end":{"line":12,"column":47}},"6":{"start":{"line":13,"column":0},"end":{"line":13,"column":56}},"7":{"start":{"line":14,"column":0},"end":{"line":14,"column":64}},"8":{"start":{"line":15,"column":0},"end":{"line":15,"column":59}}},"fnMap":{},"branchMap":{},"s":{"0":0,"1":0,"2":0,"3":0,"4":0,"5":0,"6":0,"7":0,"8":0},"f":{},"b":{}}
,"C:\\Users\\Uditsingh.Thakur\\OneDrive\\Documents\\GitHub\\New GITHUB\\qp-assessment\\src\\routes\\userRoutes.ts": {"path":"C:\\Users\\Uditsingh.Thakur\\OneDrive\\Documents\\GitHub\\New GITHUB\\qp-assessment\\src\\routes\\userRoutes.ts","statementMap":{"0":{"start":{"line":2,"column":0},"end":{"line":2,"column":33}},"1":{"start":{"line":3,"column":0},"end":{"line":3,"column":null}},"2":{"start":{"line":7,"column":15},"end":{"line":7,"column":23}},"3":{"start":{"line":12,"column":9},"end":{"line":12,"column":15}},"4":{"start":{"line":10,"column":0},"end":{"line":10,"column":65}},"5":{"start":{"line":11,"column":0},"end":{"line":11,"column":48}}},"fnMap":{},"branchMap":{},"s":{"0":0,"1":0,"2":0,"3":0,"4":0,"5":0},"f":{},"b":{}}
}
