TN:
SF:src\app.ts
FN:24,(anonymous_1)
FN:26,(anonymous_2)
FN:30,(anonymous_3)
FNF:3
FNH:0
FNDA:0,(anonymous_1)
FNDA:0,(anonymous_2)
FNDA:0,(anonymous_3)
DA:2,0
DA:3,0
DA:4,0
DA:5,0
DA:6,0
DA:7,0
DA:10,0
DA:13,0
DA:14,0
DA:15,0
DA:17,0
DA:20,0
DA:22,0
DA:25,0
DA:26,0
DA:27,0
DA:31,0
LF:17
LH:0
BRF:0
BRH:0
end_of_record
TN:
SF:src\controllers\adminController.ts
FN:5,(anonymous_1)
FN:49,(anonymous_2)
FN:83,(anonymous_3)
FN:110,(anonymous_4)
FN:161,(anonymous_5)
FNF:5
FNH:5
FNDA:1,(anonymous_1)
FNDA:1,(anonymous_2)
FNDA:1,(anonymous_3)
FNDA:1,(anonymous_4)
FNDA:1,(anonymous_5)
DA:2,1
DA:5,1
DA:6,1
DA:8,1
DA:11,1
DA:12,0
DA:14,1
DA:15,0
DA:17,1
DA:18,0
DA:21,1
DA:22,1
DA:23,0
DA:27,1
DA:34,1
DA:40,0
DA:41,0
DA:49,1
DA:50,1
DA:51,1
DA:53,1
DA:55,1
DA:58,1
DA:59,0
DA:63,1
DA:64,1
DA:65,1
DA:68,1
DA:71,1
DA:77,0
DA:78,0
DA:83,1
DA:85,1
DA:87,1
DA:89,1
DA:91,1
DA:92,0
DA:96,1
DA:99,1
DA:104,0
DA:105,0
DA:110,1
DA:111,1
DA:113,1
DA:114,1
DA:115,1
DA:118,1
DA:119,1
DA:122,1
DA:129,1
DA:130,0
DA:138,1
DA:150,0
DA:151,0
DA:161,1
DA:162,1
DA:163,1
DA:166,1
DA:168,1
DA:169,0
DA:173,1
DA:174,1
DA:175,0
DA:176,0
DA:177,0
DA:179,0
DA:180,0
DA:181,0
DA:183,0
DA:187,1
DA:189,1
DA:195,0
DA:196,0
LF:73
LH:48
BRDA:11,0,0,0
BRDA:11,1,0,1
BRDA:11,1,1,1
BRDA:14,2,0,0
BRDA:14,3,0,1
BRDA:14,3,1,1
BRDA:17,4,0,0
BRDA:17,5,0,1
BRDA:17,5,1,1
BRDA:17,5,2,1
BRDA:22,6,0,0
BRDA:58,7,0,0
BRDA:63,8,0,1
BRDA:63,8,1,0
BRDA:64,9,0,1
BRDA:64,9,1,0
BRDA:65,10,0,1
BRDA:65,10,1,0
BRDA:91,11,0,0
BRDA:113,12,0,1
BRDA:113,12,1,0
BRDA:114,13,0,1
BRDA:114,13,1,0
BRDA:118,14,0,1
BRDA:118,14,1,0
BRDA:119,15,0,1
BRDA:119,15,1,0
BRDA:129,16,0,0
BRDA:168,17,0,0
BRDA:173,18,0,1
BRDA:173,18,1,0
BRDA:175,19,0,0
BRDA:175,19,1,0
BRDA:176,20,0,0
BRDA:180,21,0,0
BRDA:180,21,1,0
BRF:36
BRH:15
end_of_record
TN:
SF:src\controllers\userController.ts
FN:13,(anonymous_1)
FN:23,(anonymous_2)
FN:31,(anonymous_3)
FN:52,(anonymous_4)
FN:53,(anonymous_5)
FN:70,(anonymous_6)
FN:71,(anonymous_7)
FN:96,(anonymous_8)
FNF:8
FNH:8
FNDA:1,(anonymous_1)
FNDA:2,(anonymous_2)
FNDA:3,(anonymous_3)
FNDA:2,(anonymous_4)
FNDA:3,(anonymous_5)
FNDA:2,(anonymous_6)
FNDA:3,(anonymous_7)
FNDA:1,(anonymous_8)
DA:3,1
DA:4,1
DA:5,1
DA:6,1
DA:13,1
DA:14,1
DA:15,1
DA:18,1
DA:21,1
DA:23,2
DA:28,1
DA:29,1
DA:30,1
DA:31,3
DA:32,2
DA:33,0
DA:35,2
DA:39,1
DA:40,0
DA:45,1
DA:52,1
DA:53,3
DA:54,2
DA:55,0
DA:57,2
DA:60,2
DA:70,1
DA:71,3
DA:72,2
DA:73,0
DA:75,2
DA:76,2
DA:80,1
DA:86,0
DA:87,0
DA:96,1
DA:97,1
DA:99,1
DA:100,1
DA:101,1
DA:104,1
DA:105,1
DA:108,1
DA:120,1
DA:121,0
DA:129,1
DA:141,0
DA:142,0
LF:48
LH:39
BRDA:32,0,0,0
BRDA:32,0,1,2
BRDA:32,1,0,2
BRDA:32,1,1,2
BRDA:39,2,0,0
BRDA:54,3,0,0
BRDA:72,4,0,0
BRDA:99,5,0,1
BRDA:99,5,1,0
BRDA:100,6,0,1
BRDA:100,6,1,0
BRDA:104,7,0,1
BRDA:104,7,1,0
BRDA:105,8,0,1
BRDA:105,8,1,0
BRDA:120,9,0,0
BRF:16
BRH:7
end_of_record
TN:
SF:src\database\sequelize.ts
FNF:0
FNH:0
DA:2,4
DA:3,4
DA:5,4
DA:7,4
DA:16,4
LF:5
LH:5
BRDA:10,0,0,4
BRDA:10,0,1,0
BRF:2
BRH:1
end_of_record
TN:
SF:src\models\User.ts
FN:6,(anonymous_8)
FN:6,(anonymous_10)
FN:9,(anonymous_11)
FN:9,(anonymous_13)
FN:12,(anonymous_14)
FN:12,(anonymous_16)
FNF:6
FNH:0
FNDA:0,(anonymous_8)
FNDA:0,(anonymous_10)
FNDA:0,(anonymous_11)
FNDA:0,(anonymous_13)
FNDA:0,(anonymous_14)
FNDA:0,(anonymous_16)
DA:1,0
DA:3,0
DA:4,0
DA:5,0
DA:6,0
DA:8,0
DA:9,0
DA:11,0
DA:12,0
LF:9
LH:0
BRF:0
BRH:0
end_of_record
TN:
SF:src\models\groceryItem.model.ts
FNF:0
FNH:0
DA:1,2
DA:2,2
DA:11,2
DA:39,2
LF:4
LH:4
BRF:0
BRH:0
end_of_record
TN:
SF:src\models\order.model.ts
FNF:0
FNH:0
DA:1,1
DA:2,1
DA:12,1
DA:53,1
LF:4
LH:4
BRF:0
BRH:0
end_of_record
TN:
SF:src\models\orderItem.model.ts
FNF:0
FNH:0
DA:1,1
DA:2,1
DA:13,1
DA:67,1
LF:4
LH:4
BRF:0
BRH:0
end_of_record
TN:
SF:src\routes\adminRoutes.ts
FNF:0
FNH:0
DA:2,0
DA:3,0
DA:8,0
DA:11,0
DA:12,0
DA:13,0
DA:14,0
DA:15,0
DA:16,0
LF:9
LH:0
BRF:0
BRH:0
end_of_record
TN:
SF:src\routes\userRoutes.ts
FNF:0
FNH:0
DA:2,0
DA:3,0
DA:7,0
DA:10,0
DA:11,0
DA:12,0
LF:6
LH:0
BRF:0
BRH:0
end_of_record
